<?xml version="1.0" encoding="UTF-8" ?>
<testsuite tests="6" failures="0" name="com.visualpathit.account.controllerTest.UserControllerTest" time="3.316" errors="0" skipped="0">
  <properties>
[...]
</properties>
  <testcase classname="com.visualpathit.account.controllerTest.UserControllerTest" name="indexTestHappyFlow" time="2.982"/>
  <testcase classname="com.visualpathit.account.controllerTest.UserControllerTest" name="welcomeTestHappyFlow" time="0.057"/>
  <testcase classname="com.visualpathit.account.controllerTest.UserControllerTest" name="registrationTestforHappyFlow" time="0.08"/>
  <testcase classname="com.visualpathit.account.controllerTest.UserControllerTest" name="loginTestHappyFlow" time="0.103"/>
  <testcase classname="com.visualpathit.account.controllerTest.UserControllerTest" name="registrationTestforNullValueHappyFlow" time="0.051"/>
  <testcase classname="com.visualpathit.account.controllerTest.UserControllerTest" name="welcomeAfterDirectLoginTestHappyFlow" time="0.043"/>
</testsuite>